<?xml version="1.0" encoding="UTF-8"?>
<testng-results ignored="0" total="1" passed="1" failed="0" skipped="0">
  <reporter-output>
  </reporter-output>
  <suite started-at="2024-09-18T22:11:50 IST" name="MasterSuite" finished-at="2024-09-18T22:11:58 IST" duration-ms="7082">
    <groups>
    </groups>
    <test started-at="2024-09-18T22:11:50 IST" name="Test" finished-at="2024-09-18T22:11:58 IST" duration-ms="7082">
      <class name="testCases.TC002_LoginTest">
        <test-method is-config="true" signature="setUp(java.lang.String,java.lang.String)[pri:0, instance:testCases.TC002_LoginTest@4d098f9b]" started-at="2024-09-18T22:11:51 IST" name="setUp" finished-at="2024-09-18T22:11:56 IST" duration-ms="4859" status="PASS">
          <params>
            <param index="0">
              <value>
                <![CDATA[windows]]>
              </value>
            </param>
            <param index="1">
              <value>
                <![CDATA[chrome]]>
              </value>
            </param>
          </params>
          <reporter-output>
          </reporter-output>
        </test-method> <!-- setUp -->
        <test-method signature="verify_Login()[pri:0, instance:testCases.TC002_LoginTest@4d098f9b]" started-at="2024-09-18T22:11:56 IST" name="verify_Login" finished-at="2024-09-18T22:11:57 IST" duration-ms="1815" status="PASS">
          <reporter-output>
          </reporter-output>
        </test-method> <!-- verify_Login -->
        <test-method is-config="true" signature="tearDown()[pri:0, instance:testCases.TC002_LoginTest@4d098f9b]" started-at="2024-09-18T22:11:57 IST" name="tearDown" finished-at="2024-09-18T22:11:58 IST" duration-ms="146" status="PASS">
          <reporter-output>
          </reporter-output>
        </test-method> <!-- tearDown -->
      </class> <!-- testCases.TC002_LoginTest -->
    </test> <!-- Test -->
  </suite> <!-- MasterSuite -->
</testng-results>
